<?xml version="1.0" encoding="UTF-8"?>
<!-- Generated by org.testng.reporters.JUnitXMLReporter -->
<<<<<<< HEAD
<<<<<<< HEAD
<testsuite ignored="0" hostname="DESKTOP-A0BPQKA" failures="0" tests="8" name="Park IQ System Test" time="50.123" errors="0" timestamp="2021-06-15T10:18:46 FJT">
  <testcase classname="parkIQ.testCases.TC_LoginTest_001" name="validationTest1" time="18.435"/>
  <testcase classname="parkIQ.testCases.TC_LoginTest_001" name="validationTest2" time="3.735"/>
  <testcase classname="parkIQ.testCases.TC_LoginTest_001" name="validationTest3" time="2.818"/>
  <testcase classname="parkIQ.testCases.TC_LoginTest_001" name="loginDetailsTest1" time="2.115"/>
  <testcase classname="parkIQ.testCases.TC_LoginTest_001" name="loginDetailsTest2" time="0.039"/>
  <testcase classname="parkIQ.testCases.TC_LoginTest_001" name="loginDetailsTest3" time="0.023"/>
  <testcase classname="parkIQ.testCases.TC_LoginTest_001" name="loginDetailsTest4" time="0.403"/>
  <testcase classname="parkIQ.testCases.TC_LoginTest_001" name="loginTest" time="1.763"/>
=======
<testsuite ignored="0" hostname="DESKTOP-C9T0B5A" failures="0" tests="8" name="Park IQ System Test" time="48.853" errors="0" timestamp="15 Jun 2021 01:14:27 GMT">
  <testcase classname="parkIQ.testCases.TC_SuperUser_001" name="setupSuperUserRole" time="33.773"/>
  <testcase classname="parkIQ.testCases.TC_SuperUser_001" name="checkLogo" time="0.048"/>
  <testcase classname="parkIQ.testCases.TC_SuperUser_001" name="checkTitles" time="0.062"/>
  <testcase classname="parkIQ.testCases.TC_SuperUser_001" name="checkSectionHeader" time="0.06"/>
  <testcase classname="parkIQ.testCases.TC_SuperUser_001" name="checkCreateNewUserLink" time="0.081"/>
  <testcase classname="parkIQ.testCases.TC_SuperUser_001" name="searchFunctionality" time="0.039"/>
  <testcase classname="parkIQ.testCases.TC_SuperUser_001" name="sortByDropDown" time="0.294"/>
  <testcase classname="parkIQ.testCases.TC_SuperUser_001" name="testColumns" time="0.199"/>
>>>>>>> branch 'development' of https://github.com/Sansaee/parkIq-suvaqa.git
=======
<testsuite ignored="0" hostname="DESKTOP-C9T0B5A" failures="5" tests="6" name="Park IQ System Test" time="225.016" errors="0" timestamp="16 Jun 2021 01:02:42 GMT">
  <testcase classname="parkIQ.testCases.TC_SuperUser_003" name="setupSuperUserRole" time="56.132"/>
  <testcase classname="parkIQ.testCases.TC_SuperUser_003" name="validateTitle_content" time="45.346">
    <failure type="org.openqa.selenium.NoSuchElementException" message="no such element: Unable to locate element: {&amp;quot;method&amp;quot;:&amp;quot;xpath&amp;quot;,&amp;quot;selector&amp;quot;:&amp;quot;//body/div[1]/app-create-user[1]/div[3]/mat-card[1]/form[1]/div[2]/input[1]&amp;quot;}
  (Session info: chrome=91.0.4472.106)
For documentation on this error, please visit: https://www.seleniumhq.org/exceptions/no_such_element.html
Build info: version: &amp;apos;3.141.59&amp;apos;, revision: &amp;apos;e82be7d358&amp;apos;, time: &amp;apos;2018-11-14T08:17:03&amp;apos;
System info: host: &amp;apos;DESKTOP-C9T0B5A&amp;apos;, ip: &amp;apos;192.168.155.21&amp;apos;, os.name: &amp;apos;Windows 10&amp;apos;, os.arch: &amp;apos;amd64&amp;apos;, os.version: &amp;apos;10.0&amp;apos;, java.version: &amp;apos;15.0.2&amp;apos;
Driver info: org.openqa.selenium.chrome.ChromeDriver
Capabilities {acceptInsecureCerts: false, browserName: chrome, browserVersion: 91.0.4472.106, chrome: {chromedriverVersion: 90.0.4430.24 (4c6d850f087da..., userDataDir: C:\Users\user\AppData\Local...}, goog:chromeOptions: {debuggerAddress: localhost:58542}, javascriptEnabled: true, networkConnectionEnabled: false, pageLoadStrategy: normal, platform: WINDOWS, platformName: WINDOWS, proxy: Proxy(), setWindowRect: true, strictFileInteractability: false, timeouts: {implicit: 0, pageLoad: 300000, script: 30000}, unhandledPromptBehavior: dismiss and notify, webauthn:extension:largeBlob: true, webauthn:virtualAuthenticators: true}
Session ID: a2a73fff0c3c89b778617f78d7496005
*** Element info: {Using=xpath, value=//body/div[1]/app-create-user[1]/div[3]/mat-card[1]/form[1]/div[2]/input[1]}">
      <![CDATA[org.openqa.selenium.NoSuchElementException: no such element: Unable to locate element: {"method":"xpath","selector":"//body/div[1]/app-create-user[1]/div[3]/mat-card[1]/form[1]/div[2]/input[1]"}
  (Session info: chrome=91.0.4472.106)
For documentation on this error, please visit: https://www.seleniumhq.org/exceptions/no_such_element.html
Build info: version: '3.141.59', revision: 'e82be7d358', time: '2018-11-14T08:17:03'
System info: host: 'DESKTOP-C9T0B5A', ip: '192.168.155.21', os.name: 'Windows 10', os.arch: 'amd64', os.version: '10.0', java.version: '15.0.2'
Driver info: org.openqa.selenium.chrome.ChromeDriver
Capabilities {acceptInsecureCerts: false, browserName: chrome, browserVersion: 91.0.4472.106, chrome: {chromedriverVersion: 90.0.4430.24 (4c6d850f087da..., userDataDir: C:\Users\user\AppData\Local...}, goog:chromeOptions: {debuggerAddress: localhost:58542}, javascriptEnabled: true, networkConnectionEnabled: false, pageLoadStrategy: normal, platform: WINDOWS, platformName: WINDOWS, proxy: Proxy(), setWindowRect: true, strictFileInteractability: false, timeouts: {implicit: 0, pageLoad: 300000, script: 30000}, unhandledPromptBehavior: dismiss and notify, webauthn:extension:largeBlob: true, webauthn:virtualAuthenticators: true}
Session ID: a2a73fff0c3c89b778617f78d7496005
*** Element info: {Using=xpath, value=//body/div[1]/app-create-user[1]/div[3]/mat-card[1]/form[1]/div[2]/input[1]}
at org.openqa.selenium.remote.http.W3CHttpResponseCodec.createException(W3CHttpResponseCodec.java:187)
at org.openqa.selenium.remote.http.W3CHttpResponseCodec.decode(W3CHttpResponseCodec.java:122)
at org.openqa.selenium.remote.http.W3CHttpResponseCodec.decode(W3CHttpResponseCodec.java:49)
at org.openqa.selenium.remote.HttpCommandExecutor.execute(HttpCommandExecutor.java:158)
at org.openqa.selenium.remote.service.DriverCommandExecutor.execute(DriverCommandExecutor.java:83)
at org.openqa.selenium.remote.RemoteWebDriver.execute(RemoteWebDriver.java:552)
at org.openqa.selenium.remote.RemoteWebDriver.findElement(RemoteWebDriver.java:323)
at org.openqa.selenium.remote.RemoteWebDriver.findElementByXPath(RemoteWebDriver.java:428)
at org.openqa.selenium.By$ByXPath.findElement(By.java:353)
at org.openqa.selenium.remote.RemoteWebDriver.findElement(RemoteWebDriver.java:315)
at org.openqa.selenium.support.pagefactory.DefaultElementLocator.findElement(DefaultElementLocator.java:69)
at org.openqa.selenium.support.pagefactory.internal.LocatingElementHandler.invoke(LocatingElementHandler.java:38)
at com.sun.proxy.$Proxy15.clear(Unknown Source)
at parkIQ.pageObjects.CreateNewUser_AssignCustomersToUserProfilePage.setFirstName(CreateNewUser_AssignCustomersToUserProfilePage.java:157)
at parkIQ.testCases.TC_SuperUser_003.validateTitle_content(TC_SuperUser_003.java:58)
... Removed 30 stack frames]]>
    </failure>
  </testcase> <!-- validateTitle_content -->
  <testcase classname="parkIQ.testCases.TC_SuperUser_003" name="testColumns" time="15.052">
    <failure type="org.openqa.selenium.NoSuchElementException" message="no such element: Unable to locate element: {&amp;quot;method&amp;quot;:&amp;quot;xpath&amp;quot;,&amp;quot;selector&amp;quot;:&amp;quot;/html[1]/body[1]/div[1]/app-create-user[1]/div[3]/mat-card[1]/div[3]/div[1]&amp;quot;}
  (Session info: chrome=91.0.4472.106)
For documentation on this error, please visit: https://www.seleniumhq.org/exceptions/no_such_element.html
Build info: version: &amp;apos;3.141.59&amp;apos;, revision: &amp;apos;e82be7d358&amp;apos;, time: &amp;apos;2018-11-14T08:17:03&amp;apos;
System info: host: &amp;apos;DESKTOP-C9T0B5A&amp;apos;, ip: &amp;apos;192.168.155.21&amp;apos;, os.name: &amp;apos;Windows 10&amp;apos;, os.arch: &amp;apos;amd64&amp;apos;, os.version: &amp;apos;10.0&amp;apos;, java.version: &amp;apos;15.0.2&amp;apos;
Driver info: org.openqa.selenium.chrome.ChromeDriver
Capabilities {acceptInsecureCerts: false, browserName: chrome, browserVersion: 91.0.4472.106, chrome: {chromedriverVersion: 90.0.4430.24 (4c6d850f087da..., userDataDir: C:\Users\user\AppData\Local...}, goog:chromeOptions: {debuggerAddress: localhost:58542}, javascriptEnabled: true, networkConnectionEnabled: false, pageLoadStrategy: normal, platform: WINDOWS, platformName: WINDOWS, proxy: Proxy(), setWindowRect: true, strictFileInteractability: false, timeouts: {implicit: 0, pageLoad: 300000, script: 30000}, unhandledPromptBehavior: dismiss and notify, webauthn:extension:largeBlob: true, webauthn:virtualAuthenticators: true}
Session ID: a2a73fff0c3c89b778617f78d7496005
*** Element info: {Using=xpath, value=/html[1]/body[1]/div[1]/app-create-user[1]/div[3]/mat-card[1]/div[3]/div[1]}">
      <![CDATA[org.openqa.selenium.NoSuchElementException: no such element: Unable to locate element: {"method":"xpath","selector":"/html[1]/body[1]/div[1]/app-create-user[1]/div[3]/mat-card[1]/div[3]/div[1]"}
  (Session info: chrome=91.0.4472.106)
For documentation on this error, please visit: https://www.seleniumhq.org/exceptions/no_such_element.html
Build info: version: '3.141.59', revision: 'e82be7d358', time: '2018-11-14T08:17:03'
System info: host: 'DESKTOP-C9T0B5A', ip: '192.168.155.21', os.name: 'Windows 10', os.arch: 'amd64', os.version: '10.0', java.version: '15.0.2'
Driver info: org.openqa.selenium.chrome.ChromeDriver
Capabilities {acceptInsecureCerts: false, browserName: chrome, browserVersion: 91.0.4472.106, chrome: {chromedriverVersion: 90.0.4430.24 (4c6d850f087da..., userDataDir: C:\Users\user\AppData\Local...}, goog:chromeOptions: {debuggerAddress: localhost:58542}, javascriptEnabled: true, networkConnectionEnabled: false, pageLoadStrategy: normal, platform: WINDOWS, platformName: WINDOWS, proxy: Proxy(), setWindowRect: true, strictFileInteractability: false, timeouts: {implicit: 0, pageLoad: 300000, script: 30000}, unhandledPromptBehavior: dismiss and notify, webauthn:extension:largeBlob: true, webauthn:virtualAuthenticators: true}
Session ID: a2a73fff0c3c89b778617f78d7496005
*** Element info: {Using=xpath, value=/html[1]/body[1]/div[1]/app-create-user[1]/div[3]/mat-card[1]/div[3]/div[1]}
at org.openqa.selenium.remote.http.W3CHttpResponseCodec.createException(W3CHttpResponseCodec.java:187)
at org.openqa.selenium.remote.http.W3CHttpResponseCodec.decode(W3CHttpResponseCodec.java:122)
at org.openqa.selenium.remote.http.W3CHttpResponseCodec.decode(W3CHttpResponseCodec.java:49)
at org.openqa.selenium.remote.HttpCommandExecutor.execute(HttpCommandExecutor.java:158)
at org.openqa.selenium.remote.service.DriverCommandExecutor.execute(DriverCommandExecutor.java:83)
at org.openqa.selenium.remote.RemoteWebDriver.execute(RemoteWebDriver.java:552)
at org.openqa.selenium.remote.RemoteWebDriver.findElement(RemoteWebDriver.java:323)
at org.openqa.selenium.remote.RemoteWebDriver.findElementByXPath(RemoteWebDriver.java:428)
at org.openqa.selenium.By$ByXPath.findElement(By.java:353)
at org.openqa.selenium.remote.RemoteWebDriver.findElement(RemoteWebDriver.java:315)
at org.openqa.selenium.support.pagefactory.DefaultElementLocator.findElement(DefaultElementLocator.java:69)
at org.openqa.selenium.support.pagefactory.internal.LocatingElementHandler.invoke(LocatingElementHandler.java:38)
at com.sun.proxy.$Proxy15.isDisplayed(Unknown Source)
at parkIQ.pageObjects.CreateNewUser_AssignCustomersToUserProfilePage.locateColumnHeaders(CreateNewUser_AssignCustomersToUserProfilePage.java:97)
at parkIQ.testCases.TC_SuperUser_003.testColumns(TC_SuperUser_003.java:100)
... Removed 30 stack frames]]>
    </failure>
  </testcase> <!-- testColumns -->
  <testcase classname="parkIQ.testCases.TC_SuperUser_003" name="testBackButton" time="30.098">
    <failure type="java.lang.AssertionError" message="expected [true] but found [false]">
      <![CDATA[java.lang.AssertionError: expected [true] but found [false]
at parkIQ.testCases.TC_SuperUser_003.testBackButton(TC_SuperUser_003.java:125)
... Removed 29 stack frames]]>
    </failure>
  </testcase> <!-- testBackButton -->
  <testcase classname="parkIQ.testCases.TC_SuperUser_003" name="testCancelButton" time="30.118">
    <failure type="java.lang.AssertionError" message="expected [true] but found [false]">
      <![CDATA[java.lang.AssertionError: expected [true] but found [false]
at parkIQ.testCases.TC_SuperUser_003.testCancelButton(TC_SuperUser_003.java:156)
... Removed 29 stack frames]]>
    </failure>
  </testcase> <!-- testCancelButton -->
  <testcase classname="parkIQ.testCases.TC_SuperUser_003" name="testContButton" time="30.083">
    <failure type="java.lang.AssertionError" message="expected [true] but found [false]">
      <![CDATA[java.lang.AssertionError: expected [true] but found [false]
at parkIQ.testCases.TC_SuperUser_003.testContButton(TC_SuperUser_003.java:187)
... Removed 29 stack frames]]>
    </failure>
  </testcase> <!-- testContButton -->
>>>>>>> branch 'development' of https://github.com/Sansaee/parkIq-suvaqa.git
</testsuite> <!-- Park IQ System Test -->
