<?xml version="1.0" encoding="UTF-8"?>
<!-- Generated by org.testng.reporters.JUnitXMLReporter -->
<testsuite ignored="0" hostname="DESKTOP-C9T0B5A" failures="0" tests="17" name="Default test" time="0.13" errors="0" timestamp="10 Jun 2021 11:53:49 GMT">
  <testcase classname="parkIQ.testCases.BaseClass" name="@BeforeClass setup" time="0.0">
    <failure type="org.testng.TestNGException" message="
Parameter &amp;apos;browser&amp;apos; is required by BeforeClass on method setup but has not been marked @Optional or defined
in C:\Users\user\AppData\Local\Temp\testng-eclipse--1188685720\testng-customsuite.xml">
      <![CDATA[org.testng.TestNGException: 
Parameter 'browser' is required by BeforeClass on method setup but has not been marked @Optional or defined
in C:\Users\user\AppData\Local\Temp\testng-eclipse--1188685720\testng-customsuite.xml
at org.testng.internal.Parameters.createParams(Parameters.java:290)
at org.testng.internal.Parameters.createParametersForMethod(Parameters.java:359)
at org.testng.internal.Parameters.createParameters(Parameters.java:620)
at org.testng.internal.Parameters.createConfigurationParameters(Parameters.java:190)
at org.testng.internal.Invoker.invokeConfigurations(Invoker.java:209)
at org.testng.internal.Invoker.invokeConfigurations(Invoker.java:142)
at org.testng.internal.TestMethodWorker.invokeBeforeClassMethods(TestMethodWorker.java:168)
at org.testng.internal.TestMethodWorker.run(TestMethodWorker.java:105)
at org.testng.TestRunner.privateRun(TestRunner.java:648)
at org.testng.TestRunner.run(TestRunner.java:505)
at org.testng.SuiteRunner.runTest(SuiteRunner.java:455)
at org.testng.SuiteRunner.runSequentially(SuiteRunner.java:450)
at org.testng.SuiteRunner.privateRun(SuiteRunner.java:415)
at org.testng.SuiteRunner.run(SuiteRunner.java:364)
at org.testng.SuiteRunnerWorker.runSuite(SuiteRunnerWorker.java:52)
at org.testng.SuiteRunnerWorker.run(SuiteRunnerWorker.java:84)
at org.testng.TestNG.runSuitesSequentially(TestNG.java:1208)
at org.testng.TestNG.runSuitesLocally(TestNG.java:1137)
at org.testng.TestNG.runSuites(TestNG.java:1049)
at org.testng.TestNG.run(TestNG.java:1017)
at org.testng.remote.AbstractRemoteTestNG.run(AbstractRemoteTestNG.java:115)
at org.testng.remote.RemoteTestNG.initAndRun(RemoteTestNG.java:251)
at org.testng.remote.RemoteTestNG.main(RemoteTestNG.java:77)
]]>
    </failure>
  </testcase> <!-- @BeforeClass setup -->
  <testcase classname="parkIQ.testCases.BaseClass" name="@AfterClass tearDown" time="0.0">
    <skipped/>
  </testcase> <!-- @AfterClass tearDown -->
  <testcase classname="parkIQ.testCases.TC_SuperUser_002" name="testCreateNewUserLink" time="0.0">
    <skipped/>
  </testcase> <!-- testCreateNewUserLink -->
  <testcase classname="parkIQ.testCases.TC_SuperUser_002" name="testPageTitleDisplayed" time="0.0">
    <skipped/>
  </testcase> <!-- testPageTitleDisplayed -->
  <testcase classname="parkIQ.testCases.TC_SuperUser_002" name="testFormTitleDisplayed" time="0.0">
    <skipped/>
  </testcase> <!-- testFormTitleDisplayed -->
  <testcase classname="parkIQ.testCases.TC_SuperUser_002" name="testFirstNameFieldDiplayedClickable" time="0.0">
    <skipped/>
  </testcase> <!-- testFirstNameFieldDiplayedClickable -->
  <testcase classname="parkIQ.testCases.TC_SuperUser_002" name="testLastNameFieldDiplayedClickable" time="0.0">
    <skipped/>
  </testcase> <!-- testLastNameFieldDiplayedClickable -->
  <testcase classname="parkIQ.testCases.TC_SuperUser_002" name="testEmailFieldDiplayedClickable" time="0.0">
    <skipped/>
  </testcase> <!-- testEmailFieldDiplayedClickable -->
  <testcase classname="parkIQ.testCases.TC_SuperUser_002" name="testValidEmailAccepted" time="0.0">
    <skipped/>
  </testcase> <!-- testValidEmailAccepted -->
  <testcase classname="parkIQ.testCases.TC_SuperUser_002" name="testInvalidEmailProducesValidationMessage" time="0.0">
    <skipped/>
  </testcase> <!-- testInvalidEmailProducesValidationMessage -->
  <testcase classname="parkIQ.testCases.TC_SuperUser_002" name="testPhoneFieldDiplayedClickable" time="0.0">
    <skipped/>
  </testcase> <!-- testPhoneFieldDiplayedClickable -->
  <testcase classname="parkIQ.testCases.TC_SuperUser_002" name="testValidPhoneAccepted" time="0.0">
    <skipped/>
  </testcase> <!-- testValidPhoneAccepted -->
  <testcase classname="parkIQ.testCases.TC_SuperUser_002" name="testInvalidPhoneProducesValidationMessage" time="0.0">
    <skipped/>
  </testcase> <!-- testInvalidPhoneProducesValidationMessage -->
  <testcase classname="parkIQ.testCases.TC_SuperUser_002" name="testCancelButtonDiplayedClickable" time="0.0">
    <skipped/>
  </testcase> <!-- testCancelButtonDiplayedClickable -->
  <testcase classname="parkIQ.testCases.TC_SuperUser_002" name="testContinueButtonDiplayedClickable" time="0.0">
    <skipped/>
  </testcase> <!-- testContinueButtonDiplayedClickable -->
  <testcase classname="parkIQ.testCases.TC_SuperUser_002" name="testContinueButtonBackgroundColour" time="0.0">
    <skipped/>
  </testcase> <!-- testContinueButtonBackgroundColour -->
  <testcase classname="parkIQ.testCases.TC_SuperUser_002" name="testCancelButtonFunctionality" time="0.0">
    <skipped/>
  </testcase> <!-- testCancelButtonFunctionality -->
  <testcase classname="parkIQ.testCases.TC_SuperUser_002" name="testContinueButtonIsEnabledWhenFieldsAreFilled" time="0.0">
    <skipped/>
  </testcase> <!-- testContinueButtonIsEnabledWhenFieldsAreFilled -->
  <testcase classname="parkIQ.testCases.TC_SuperUser_002" name="testContinueButtonFunctionality" time="0.0">
    <skipped/>
  </testcase> <!-- testContinueButtonFunctionality -->
</testsuite> <!-- Default test -->
