<!DOCTYPE html PUBLIC "-//W3C//DTD XHTML 1.1//EN" "https://www.w3.org/TR/xhtml11/DTD/xhtml11.dtd">
<html xmlns="https://www.w3.org/1999/xhtml">
<head>
<meta http-equiv="content-type" content="text/html; charset=UTF-8"/>
<title>TestNG Report</title>
<style type="text/css">table {margin-bottom:10px;border-collapse:collapse;empty-cells:show}th,td {border:1px solid #009;padding:.25em .5em}th {vertical-align:bottom}td {vertical-align:top}table a {font-weight:bold}.stripe td {background-color: #E6EBF9}.num {text-align:right}.passedodd td {background-color: #3F3}.passedeven td {background-color: #0A0}.skippedodd td {background-color: #DDD}.skippedeven td {background-color: #CCC}.failedodd td,.attn {background-color: #F33}.failedeven td,.stripe .attn {background-color: #D00}.stacktrace {white-space:pre;font-family:monospace}.totop {font-size:85%;text-align:center;border-bottom:2px solid #000}.invisible {display:none}</style>
</head>
<body>
<table>
<<<<<<< HEAD
<tr><th>Test</th><th># Passed</th><th># Skipped</th><th># Retried</th><th># Failed</th><th>Time (ms)</th><th>Included Groups</th><th>Excluded Groups</th></tr>
<tr><th colspan="8">ParkIQv1</th></tr>
<tr><td><a href="#t0">Park IQ System Test</a></td><td class="num">8</td><td class="num">0</td><td class="num">0</td><td class="num">0</td><td class="num">50,123</td><td></td><td></td></tr>
=======
<tr><th>Test</th><th># Passed</th><th># Skipped</th><th># Failed</th><th>Time (ms)</th><th>Included Groups</th><th>Excluded Groups</th></tr>
<tr><th colspan="7">ParkIQv1</th></tr>
<<<<<<< HEAD
<tr><td><a href="#t0">Park IQ System Test</a></td><td class="num">8</td><td class="num">0</td><td class="num">0</td><td class="num">48,853</td><td></td><td></td></tr>
>>>>>>> branch 'development' of https://github.com/Sansaee/parkIq-suvaqa.git
=======
<tr><td><a href="#t0">Park IQ System Test</a></td><td class="num">1</td><td class="num">0</td><td class="num attn">5</td><td class="num">225,016</td><td></td><td></td></tr>
>>>>>>> branch 'development' of https://github.com/Sansaee/parkIq-suvaqa.git
</table>
<<<<<<< HEAD
<<<<<<< HEAD
<table id='summary'><thead><tr><th>Class</th><th>Method</th><th>Start</th><th>Time (ms)</th></tr></thead><tbody><tr><th colspan="4">ParkIQv1</th></tr></tbody><tbody id="t0"><tr><th colspan="4">Park IQ System Test &#8212; passed</th></tr><tr class="passedeven"><td rowspan="8">parkIQ.testCases.TC_LoginTest_001</td><td><a href="#m0">loginDetailsTest1</a></td><td rowspan="1">1623709122135</td><td rowspan="1">2115</td></tr><tr class="passedeven"><td><a href="#m1">loginDetailsTest2</a></td><td rowspan="1">1623709124251</td><td rowspan="1">39</td></tr><tr class="passedeven"><td><a href="#m2">loginDetailsTest3</a></td><td rowspan="1">1623709124292</td><td rowspan="1">23</td></tr><tr class="passedeven"><td><a href="#m3">loginDetailsTest4</a></td><td rowspan="1">1623709124316</td><td rowspan="1">403</td></tr><tr class="passedeven"><td><a href="#m4">loginTest</a></td><td rowspan="1">1623709124721</td><td rowspan="1">1763</td></tr><tr class="passedeven"><td><a href="#m5">validationTest1</a></td><td rowspan="1">1623709097104</td><td rowspan="1">18435</td></tr><tr class="passedeven"><td><a href="#m6">validationTest2</a></td><td rowspan="1">1623709115579</td><td rowspan="1">3735</td></tr><tr class="passedeven"><td><a href="#m7">validationTest3</a></td><td rowspan="1">1623709119316</td><td rowspan="1">2818</td></tr></tbody>
=======
<table id='summary'><thead><tr><th>Class</th><th>Method</th><th>Start</th><th>Time (ms)</th></tr></thead><tbody><tr><th colspan="4">ParkIQv1</th></tr></tbody><tbody id="t0"><tr><th colspan="4">Park IQ System Test &#8212; passed</th></tr><tr class="passedeven"><td rowspan="8">parkIQ.testCases.TC_SuperUser_001</td><td><a href="#m0">checkCreateNewUserLink</a></td><td rowspan="1">1623719666114</td><td rowspan="1">81</td></tr><tr class="passedeven"><td><a href="#m1">checkLogo</a></td><td rowspan="1">1623719665935</td><td rowspan="1">48</td></tr><tr class="passedeven"><td><a href="#m2">checkSectionHeader</a></td><td rowspan="1">1623719666050</td><td rowspan="1">60</td></tr><tr class="passedeven"><td><a href="#m3">checkTitles</a></td><td rowspan="1">1623719665986</td><td rowspan="1">62</td></tr><tr class="passedeven"><td><a href="#m4">searchFunctionality</a></td><td rowspan="1">1623719666197</td><td rowspan="1">39</td></tr><tr class="passedeven"><td><a href="#m5">setupSuperUserRole</a></td><td rowspan="1">1623719632144</td><td rowspan="1">33773</td></tr><tr class="passedeven"><td><a href="#m6">sortByDropDown</a></td><td rowspan="1">1623719666239</td><td rowspan="1">294</td></tr><tr class="passedeven"><td><a href="#m7">testColumns</a></td><td rowspan="1">1623719666536</td><td rowspan="1">199</td></tr></tbody>
>>>>>>> branch 'development' of https://github.com/Sansaee/parkIq-suvaqa.git
=======
<table id='summary'><thead><tr><th>Class</th><th>Method</th><th>Start</th><th>Time (ms)</th></tr></thead><tbody><tr><th colspan="4">ParkIQv1</th></tr></tbody><tbody id="t0"><tr><th colspan="4">Park IQ System Test &#8212; failed</th></tr><tr class="failedeven"><td rowspan="5">parkIQ.testCases.TC_SuperUser_003</td><td><a href="#m0">testBackButton</a></td><td rowspan="1">1623805271520</td><td rowspan="1">30098</td></tr><tr class="failedeven"><td><a href="#m1">testCancelButton</a></td><td rowspan="1">1623805301621</td><td rowspan="1">30118</td></tr><tr class="failedeven"><td><a href="#m2">testColumns</a></td><td rowspan="1">1623805256463</td><td rowspan="1">15052</td></tr><tr class="failedeven"><td><a href="#m3">testContButton</a></td><td rowspan="1">1623805331742</td><td rowspan="1">30083</td></tr><tr class="failedeven"><td><a href="#m4">validateTitle_content</a></td><td rowspan="1">1623805211113</td><td rowspan="1">45346</td></tr><tr><th colspan="4">Park IQ System Test &#8212; passed</th></tr><tr class="passedeven"><td rowspan="1">parkIQ.testCases.TC_SuperUser_003</td><td><a href="#m5">setupSuperUserRole</a></td><td rowspan="1">1623805154962</td><td rowspan="1">56132</td></tr></tbody>
>>>>>>> branch 'development' of https://github.com/Sansaee/parkIq-suvaqa.git
</table>
<<<<<<< HEAD
<<<<<<< HEAD
<h2>Park IQ System Test</h2><h3 id="m0">parkIQ.testCases.TC_LoginTest_001#loginDetailsTest1</h3><table class="result"><tr><th class="invisible"/></tr></table><p class="totop"><a href="#summary">back to summary</a></p>
<h3 id="m1">parkIQ.testCases.TC_LoginTest_001#loginDetailsTest2</h3><table class="result"><tr><th class="invisible"/></tr></table><p class="totop"><a href="#summary">back to summary</a></p>
<h3 id="m2">parkIQ.testCases.TC_LoginTest_001#loginDetailsTest3</h3><table class="result"><tr><th class="invisible"/></tr></table><p class="totop"><a href="#summary">back to summary</a></p>
<h3 id="m3">parkIQ.testCases.TC_LoginTest_001#loginDetailsTest4</h3><table class="result"><tr><th class="invisible"/></tr></table><p class="totop"><a href="#summary">back to summary</a></p>
<h3 id="m4">parkIQ.testCases.TC_LoginTest_001#loginTest</h3><table class="result"><tr><th class="invisible"/></tr></table><p class="totop"><a href="#summary">back to summary</a></p>
<h3 id="m5">parkIQ.testCases.TC_LoginTest_001#validationTest1</h3><table class="result"><tr><th class="invisible"/></tr></table><p class="totop"><a href="#summary">back to summary</a></p>
<h3 id="m6">parkIQ.testCases.TC_LoginTest_001#validationTest2</h3><table class="result"><tr><th class="invisible"/></tr></table><p class="totop"><a href="#summary">back to summary</a></p>
<h3 id="m7">parkIQ.testCases.TC_LoginTest_001#validationTest3</h3><table class="result"><tr><th class="invisible"/></tr></table><p class="totop"><a href="#summary">back to summary</a></p>
=======
<h2>Park IQ System Test</h2><h3 id="m0">parkIQ.testCases.TC_SuperUser_001#checkCreateNewUserLink</h3><table class="result"><tr><th class="invisible"/></tr></table><p class="totop"><a href="#summary">back to summary</a></p>
<h3 id="m1">parkIQ.testCases.TC_SuperUser_001#checkLogo</h3><table class="result"><tr><th class="invisible"/></tr></table><p class="totop"><a href="#summary">back to summary</a></p>
<h3 id="m2">parkIQ.testCases.TC_SuperUser_001#checkSectionHeader</h3><table class="result"><tr><th class="invisible"/></tr></table><p class="totop"><a href="#summary">back to summary</a></p>
<h3 id="m3">parkIQ.testCases.TC_SuperUser_001#checkTitles</h3><table class="result"><tr><th class="invisible"/></tr></table><p class="totop"><a href="#summary">back to summary</a></p>
<h3 id="m4">parkIQ.testCases.TC_SuperUser_001#searchFunctionality</h3><table class="result"><tr><th class="invisible"/></tr></table><p class="totop"><a href="#summary">back to summary</a></p>
<h3 id="m5">parkIQ.testCases.TC_SuperUser_001#setupSuperUserRole</h3><table class="result"><tr><th class="invisible"/></tr></table><p class="totop"><a href="#summary">back to summary</a></p>
<h3 id="m6">parkIQ.testCases.TC_SuperUser_001#sortByDropDown</h3><table class="result"><tr><th class="invisible"/></tr></table><p class="totop"><a href="#summary">back to summary</a></p>
<h3 id="m7">parkIQ.testCases.TC_SuperUser_001#testColumns</h3><table class="result"><tr><th class="invisible"/></tr></table><p class="totop"><a href="#summary">back to summary</a></p>
>>>>>>> branch 'development' of https://github.com/Sansaee/parkIq-suvaqa.git
=======
<h2>Park IQ System Test</h2><h3 id="m0">parkIQ.testCases.TC_SuperUser_003#testBackButton</h3><table class="result"><tr><th>Exception</th></tr><tr><td><div class="stacktrace">java.lang.AssertionError: expected [true] but found [false]
	at parkIQ.testCases.TC_SuperUser_003.testBackButton(TC_SuperUser_003.java:125)
... Removed 29 stack frames</div></td></tr></table><p class="totop"><a href="#summary">back to summary</a></p>
<h3 id="m1">parkIQ.testCases.TC_SuperUser_003#testCancelButton</h3><table class="result"><tr><th>Exception</th></tr><tr><td><div class="stacktrace">java.lang.AssertionError: expected [true] but found [false]
	at parkIQ.testCases.TC_SuperUser_003.testCancelButton(TC_SuperUser_003.java:156)
... Removed 29 stack frames</div></td></tr></table><p class="totop"><a href="#summary">back to summary</a></p>
<h3 id="m2">parkIQ.testCases.TC_SuperUser_003#testColumns</h3><table class="result"><tr><th>Exception</th></tr><tr><td><div class="stacktrace">org.openqa.selenium.NoSuchElementException: no such element: Unable to locate element: {&quot;method&quot;:&quot;xpath&quot;,&quot;selector&quot;:&quot;/html[1]/body[1]/div[1]/app-create-user[1]/div[3]/mat-card[1]/div[3]/div[1]&quot;}
  (Session info: chrome=91.0.4472.106)
For documentation on this error, please visit: https://www.seleniumhq.org/exceptions/no_such_element.html
Build info: version: &apos;3.141.59&apos;, revision: &apos;e82be7d358&apos;, time: &apos;2018-11-14T08:17:03&apos;
System info: host: &apos;DESKTOP-C9T0B5A&apos;, ip: &apos;192.168.155.21&apos;, os.name: &apos;Windows 10&apos;, os.arch: &apos;amd64&apos;, os.version: &apos;10.0&apos;, java.version: &apos;15.0.2&apos;
Driver info: org.openqa.selenium.chrome.ChromeDriver
Capabilities {acceptInsecureCerts: false, browserName: chrome, browserVersion: 91.0.4472.106, chrome: {chromedriverVersion: 90.0.4430.24 (4c6d850f087da..., userDataDir: C:\Users\user\AppData\Local...}, goog:chromeOptions: {debuggerAddress: localhost:58542}, javascriptEnabled: true, networkConnectionEnabled: false, pageLoadStrategy: normal, platform: WINDOWS, platformName: WINDOWS, proxy: Proxy(), setWindowRect: true, strictFileInteractability: false, timeouts: {implicit: 0, pageLoad: 300000, script: 30000}, unhandledPromptBehavior: dismiss and notify, webauthn:extension:largeBlob: true, webauthn:virtualAuthenticators: true}
Session ID: a2a73fff0c3c89b778617f78d7496005
*** Element info: {Using=xpath, value=/html[1]/body[1]/div[1]/app-create-user[1]/div[3]/mat-card[1]/div[3]/div[1]}
	at org.openqa.selenium.remote.http.W3CHttpResponseCodec.createException(W3CHttpResponseCodec.java:187)
	at org.openqa.selenium.remote.http.W3CHttpResponseCodec.decode(W3CHttpResponseCodec.java:122)
	at org.openqa.selenium.remote.http.W3CHttpResponseCodec.decode(W3CHttpResponseCodec.java:49)
	at org.openqa.selenium.remote.HttpCommandExecutor.execute(HttpCommandExecutor.java:158)
	at org.openqa.selenium.remote.service.DriverCommandExecutor.execute(DriverCommandExecutor.java:83)
	at org.openqa.selenium.remote.RemoteWebDriver.execute(RemoteWebDriver.java:552)
	at org.openqa.selenium.remote.RemoteWebDriver.findElement(RemoteWebDriver.java:323)
	at org.openqa.selenium.remote.RemoteWebDriver.findElementByXPath(RemoteWebDriver.java:428)
	at org.openqa.selenium.By$ByXPath.findElement(By.java:353)
	at org.openqa.selenium.remote.RemoteWebDriver.findElement(RemoteWebDriver.java:315)
	at org.openqa.selenium.support.pagefactory.DefaultElementLocator.findElement(DefaultElementLocator.java:69)
	at org.openqa.selenium.support.pagefactory.internal.LocatingElementHandler.invoke(LocatingElementHandler.java:38)
	at com.sun.proxy.$Proxy15.isDisplayed(Unknown Source)
	at parkIQ.pageObjects.CreateNewUser_AssignCustomersToUserProfilePage.locateColumnHeaders(CreateNewUser_AssignCustomersToUserProfilePage.java:97)
	at parkIQ.testCases.TC_SuperUser_003.testColumns(TC_SuperUser_003.java:100)
... Removed 30 stack frames</div></td></tr></table><p class="totop"><a href="#summary">back to summary</a></p>
<h3 id="m3">parkIQ.testCases.TC_SuperUser_003#testContButton</h3><table class="result"><tr><th>Exception</th></tr><tr><td><div class="stacktrace">java.lang.AssertionError: expected [true] but found [false]
	at parkIQ.testCases.TC_SuperUser_003.testContButton(TC_SuperUser_003.java:187)
... Removed 29 stack frames</div></td></tr></table><p class="totop"><a href="#summary">back to summary</a></p>
<h3 id="m4">parkIQ.testCases.TC_SuperUser_003#validateTitle_content</h3><table class="result"><tr><th>Exception</th></tr><tr><td><div class="stacktrace">org.openqa.selenium.NoSuchElementException: no such element: Unable to locate element: {&quot;method&quot;:&quot;xpath&quot;,&quot;selector&quot;:&quot;//body/div[1]/app-create-user[1]/div[3]/mat-card[1]/form[1]/div[2]/input[1]&quot;}
  (Session info: chrome=91.0.4472.106)
For documentation on this error, please visit: https://www.seleniumhq.org/exceptions/no_such_element.html
Build info: version: &apos;3.141.59&apos;, revision: &apos;e82be7d358&apos;, time: &apos;2018-11-14T08:17:03&apos;
System info: host: &apos;DESKTOP-C9T0B5A&apos;, ip: &apos;192.168.155.21&apos;, os.name: &apos;Windows 10&apos;, os.arch: &apos;amd64&apos;, os.version: &apos;10.0&apos;, java.version: &apos;15.0.2&apos;
Driver info: org.openqa.selenium.chrome.ChromeDriver
Capabilities {acceptInsecureCerts: false, browserName: chrome, browserVersion: 91.0.4472.106, chrome: {chromedriverVersion: 90.0.4430.24 (4c6d850f087da..., userDataDir: C:\Users\user\AppData\Local...}, goog:chromeOptions: {debuggerAddress: localhost:58542}, javascriptEnabled: true, networkConnectionEnabled: false, pageLoadStrategy: normal, platform: WINDOWS, platformName: WINDOWS, proxy: Proxy(), setWindowRect: true, strictFileInteractability: false, timeouts: {implicit: 0, pageLoad: 300000, script: 30000}, unhandledPromptBehavior: dismiss and notify, webauthn:extension:largeBlob: true, webauthn:virtualAuthenticators: true}
Session ID: a2a73fff0c3c89b778617f78d7496005
*** Element info: {Using=xpath, value=//body/div[1]/app-create-user[1]/div[3]/mat-card[1]/form[1]/div[2]/input[1]}
	at org.openqa.selenium.remote.http.W3CHttpResponseCodec.createException(W3CHttpResponseCodec.java:187)
	at org.openqa.selenium.remote.http.W3CHttpResponseCodec.decode(W3CHttpResponseCodec.java:122)
	at org.openqa.selenium.remote.http.W3CHttpResponseCodec.decode(W3CHttpResponseCodec.java:49)
	at org.openqa.selenium.remote.HttpCommandExecutor.execute(HttpCommandExecutor.java:158)
	at org.openqa.selenium.remote.service.DriverCommandExecutor.execute(DriverCommandExecutor.java:83)
	at org.openqa.selenium.remote.RemoteWebDriver.execute(RemoteWebDriver.java:552)
	at org.openqa.selenium.remote.RemoteWebDriver.findElement(RemoteWebDriver.java:323)
	at org.openqa.selenium.remote.RemoteWebDriver.findElementByXPath(RemoteWebDriver.java:428)
	at org.openqa.selenium.By$ByXPath.findElement(By.java:353)
	at org.openqa.selenium.remote.RemoteWebDriver.findElement(RemoteWebDriver.java:315)
	at org.openqa.selenium.support.pagefactory.DefaultElementLocator.findElement(DefaultElementLocator.java:69)
	at org.openqa.selenium.support.pagefactory.internal.LocatingElementHandler.invoke(LocatingElementHandler.java:38)
	at com.sun.proxy.$Proxy15.clear(Unknown Source)
	at parkIQ.pageObjects.CreateNewUser_AssignCustomersToUserProfilePage.setFirstName(CreateNewUser_AssignCustomersToUserProfilePage.java:157)
	at parkIQ.testCases.TC_SuperUser_003.validateTitle_content(TC_SuperUser_003.java:58)
... Removed 30 stack frames</div></td></tr></table><p class="totop"><a href="#summary">back to summary</a></p>
<h3 id="m5">parkIQ.testCases.TC_SuperUser_003#setupSuperUserRole</h3><table class="result"><tr><th class="invisible"/></tr></table><p class="totop"><a href="#summary">back to summary</a></p>
>>>>>>> branch 'development' of https://github.com/Sansaee/parkIq-suvaqa.git
</body>
</html>
